\BOOKMARK [0][-]{chapter.1}{\376\377\000P\000r\000o\000b\000l\000e\000m\000\040\000S\000t\000a\000t\000e\000m\000e\000n\000t}{}% 1
\BOOKMARK [0][-]{chapter.2}{\376\377\000T\000h\000e\000o\000r\000y}{}% 2
\BOOKMARK [1][-]{section.2.1}{\376\377\000M\000o\000d\000e\000l\000l\000i\000n\000g\000\040\000t\000h\000e\000\040\000T\000r\000a\000j\000e\000c\000t\000o\000r\000y\000\040\000t\000r\000a\000v\000e\000l\000l\000e\000d\000\040\000b\000y\000\040\000e\000a\000c\000h\000\040\000r\000o\000b\000o\000t}{chapter.2}% 3
\BOOKMARK [1][-]{section.2.2}{\376\377\000M\000o\000d\000e\000l\000l\000i\000n\000g\000\040\000R\000e\000p\000u\000l\000s\000i\000o\000n\000\040\000B\000e\000t\000w\000e\000e\000n\000\040\000R\000o\000b\000o\000t\000s}{chapter.2}% 4
\BOOKMARK [2][-]{subsection.2.2.1}{\376\377\000B\000a\000c\000k\000g\000r\000o\000u\000n\000d\000\040\000o\000n\000\040\000C\000o\000u\000l\000o\000m\000b\000'\000s\000\040\000L\000a\000w}{section.2.2}% 5
\BOOKMARK [1][-]{section.2.3}{\376\377\000M\000o\000d\000e\000l\000l\000i\000n\000g\000\040\000R\000e\000p\000u\000l\000s\000i\000o\000n\000\040\000B\000e\000t\000w\000e\000e\000n\000\040\000R\000o\000b\000o\000t\000s\000\040\000a\000n\000d\000\040\000O\000b\000s\000t\000a\000c\000l\000e\000s}{chapter.2}% 6
\BOOKMARK [0][-]{chapter.3}{\376\377\000D\000e\000r\000i\000v\000a\000t\000i\000o\000n\000s}{}% 7
\BOOKMARK [1][-]{subsection.3.0.1}{\376\377\000T\000h\000e\000\040\000G\000a\000t\000e\000a\000u\000x\000\040\000D\000e\000r\000i\000v\000a\000t\000i\000v\000e\000\040\000o\000f\000\040\000\040\000L\000\050\000P\000\051\000\040}{chapter.3}% 8
\BOOKMARK [2][-]{subsection.3.0.2}{\376\377\000T\000h\000e\000\040\000G\000a\000t\000e\000a\000u\000x\000\040\000D\000e\000r\000i\000v\000a\000t\000i\000v\000e\000\040\000o\000f\000\040\000F\000\050\000P\000\051}{subsection.3.0.1}% 9
\BOOKMARK [2][-]{subsection.3.0.3}{\376\377\000G\000a\000t\000e\000a\000u\000x\000\040\000D\000e\000r\000i\000v\000a\000t\000i\000v\000e\000\040\000o\000f\000\040\000\040\000G\000\050\000P\000\051\000\040}{subsection.3.0.1}% 10
\BOOKMARK [2][-]{subsection.3.0.4}{\376\377\000R\000e\000s\000u\000l\000t}{subsection.3.0.1}% 11
\BOOKMARK [0][-]{chapter.4}{\376\377\000F\000i\000r\000s\000t\000\040\000O\000r\000d\000e\000r\000\040\000N\000e\000c\000e\000s\000s\000a\000r\000y\000\040\000C\000o\000n\000d\000i\000t\000i\000o\000n\000s\000\040\000f\000o\000r\000\040\000O\000p\000t\000i\000m\000a\000l\000i\000t\000y}{}% 12
\BOOKMARK [1][-]{section.4.1}{\376\377\000O\000p\000t\000i\000m\000a\000l\000i\000t\000y}{chapter.4}% 13
\BOOKMARK [0][-]{chapter.5}{\376\377\000T\000e\000s\000t\000\040\000C\000a\000s\000e\000s\000\040\000a\000n\000d\000\040\000S\000u\000m\000m\000a\000r\000y}{}% 14
\BOOKMARK [1][-]{section.5.1}{\376\377\000S\000a\000m\000p\000l\000e\000\040\000C\000a\000s\000e\000s}{chapter.5}% 15
\BOOKMARK [2][-]{subsection.5.1.1}{\376\377\000T\000w\000o\000\040\000R\000o\000b\000o\000t\000s\000\040\000W\000i\000t\000h\000\040\000P\000a\000r\000a\000l\000l\000e\000l\000\040\000D\000e\000s\000t\000i\000n\000a\000t\000i\000o\000n}{section.5.1}% 16
\BOOKMARK [2][-]{subsection.5.1.2}{\376\377\000T\000w\000o\000\040\000R\000o\000b\000o\000t\000s\000\040\000W\000i\000t\000h\000\040\000P\000a\000t\000h\000s\000\040\000T\000h\000a\000t\000\040\000I\000n\000t\000e\000r\000s\000e\000c\000t}{section.5.1}% 17
\BOOKMARK [2][-]{subsection.5.1.3}{\376\377\000T\000w\000o\000\040\000R\000o\000b\000o\000t\000s\000\040\000W\000i\000t\000h\000\040\000P\000a\000t\000h\000s\000\040\000T\000h\000a\000t\000\040\000I\000n\000t\000e\000r\000s\000e\000c\000t}{section.5.1}% 18
\BOOKMARK [2][-]{subsection.5.1.4}{\376\377\000T\000w\000o\000\040\000R\000o\000b\000o\000t\000s\000\040\000A\000n\000d\000\040\000O\000n\000e\000\040\000O\000b\000s\000t\000a\000c\000l\000e}{section.5.1}% 19
\BOOKMARK [1][-]{section.5.2}{\376\377\000L\000i\000m\000i\000t\000a\000t\000i\000o\000n\000s}{chapter.5}% 20
\BOOKMARK [1][-]{section.5.3}{\376\377\000S\000u\000m\000m\000a\000r\000y}{chapter.5}% 21
\BOOKMARK [1][-]{section.5.4}{\376\377\000C\000o\000n\000t\000r\000i\000b\000u\000t\000i\000o\000n\000s}{chapter.5}% 22
